<?xml version="1.0" encoding="UTF-8"?>
<!-- Generated by org.testng.reporters.JUnitXMLReporter -->
<testsuite ignored="0" hostname="DESKTOP-3M09JOB" failures="4" tests="13" name="edgeTest" time="353.123" errors="0" timestamp="2023-06-19T21:43:02 IST">
  <testcase classname="executePageClasses.ExecuteWorkersPageClass" name="verifyDeleteAWorker" time="5.907"/>
  <testcase classname="executePageClasses.ExecuteWorkersPageClass" name="verifyToCreateANewWorker" time="12.954"/>
  <testcase classname="executePageClasses.ExecuteWorkersPageClass" name="verifyToSearchAWorker" time="5.489"/>
  <testcase classname="executePageClasses.ExecuteDeductionPageClass" name="verifyToAddANewDeduction" time="8.541"/>
  <testcase classname="executePageClasses.ExexcuteClientPageClass" name="verifyClientSearchInClientPage" time="5.038">
    <failure type="java.io.FileNotFoundException" message="C:\Users\abhir\eclipse-workspace\com.superstoreProject\src\test\resources\Excel.xlsx&amp;quot; (The filename, directory name, or volume label syntax is incorrect)">
      <![CDATA[java.io.FileNotFoundException: C:\Users\abhir\eclipse-workspace\com.superstoreProject\src\test\resources\Excel.xlsx" (The filename, directory name, or volume label syntax is incorrect)
at java.base/java.io.FileInputStream.open0(Native Method)
at java.base/java.io.FileInputStream.open(FileInputStream.java:216)
at java.base/java.io.FileInputStream.<init>(FileInputStream.java:157)
at java.base/java.io.FileInputStream.<init>(FileInputStream.java:111)
at utility.ExcelRead.readIntegerData(ExcelRead.java:30)
at elementRepository.ClientPageClass.readInvoiceContact(ClientPageClass.java:243)
at executePageClasses.ExexcuteClientPageClass.verifyClientSearchInClientPage(ExexcuteClientPageClass.java:87)
at java.base/java.util.ArrayList.forEach(ArrayList.java:1511)
... Removed 27 stack frames]]>
    </failure>
  </testcase> <!-- verifyClientSearchInClientPage -->
  <testcase classname="executePageClasses.ExexcuteClientPageClass" name="verifyCreateNewClient" time="13.53">
    <failure type="org.openqa.selenium.NoSuchElementException" message="no such element: Unable to locate element: {&amp;quot;method&amp;quot;:&amp;quot;xpath&amp;quot;,&amp;quot;selector&amp;quot;:&amp;quot;//a[contains(text(),&amp;apos;Create Client&amp;apos;)]&amp;quot;}
  (Session info: MicrosoftEdge=114.0.1823.51)
For documentation on this error, please visit: https://selenium.dev/exceptions/#no_such_element
Build info: version: &amp;apos;4.9.0&amp;apos;, revision: &amp;apos;d7057100a6&amp;apos;
System info: os.name: &amp;apos;Windows 10&amp;apos;, os.arch: &amp;apos;amd64&amp;apos;, os.version: &amp;apos;10.0&amp;apos;, java.version: &amp;apos;17.0.6&amp;apos;
Driver info: org.openqa.selenium.edge.EdgeDriver
Command: [f8b47744f864400346fe94638322c062, findElement {using=xpath, value=//a[contains(text(),&amp;apos;Create Client&amp;apos;)]}]
Capabilities {acceptInsecureCerts: false, browserName: msedge, browserVersion: 114.0.1823.51, ms:edgeOptions: {debuggerAddress: localhost:49325}, msedge: {msedgedriverVersion: 114.0.1823.51 (ab4ec67361d1..., userDataDir: C:\Users\abhir\AppData\Loca...}, networkConnectionEnabled: false, pageLoadStrategy: normal, platformName: WINDOWS, proxy: Proxy(), se:cdp: ws://localhost:49325/devtoo..., se:cdpVersion: 114.0.1823.51, setWindowRect: true, strictFileInteractability: false, timeouts: {implicit: 0, pageLoad: 300000, script: 30000}, unhandledPromptBehavior: dismiss and notify, webauthn:extension:credBlob: true, webauthn:extension:largeBlob: true, webauthn:extension:minPinLength: true, webauthn:extension:prf: true, webauthn:virtualAuthenticators: true}
Session ID: f8b47744f864400346fe94638322c062">
      <![CDATA[org.openqa.selenium.NoSuchElementException: no such element: Unable to locate element: {"method":"xpath","selector":"//a[contains(text(),'Create Client')]"}
  (Session info: MicrosoftEdge=114.0.1823.51)
For documentation on this error, please visit: https://selenium.dev/exceptions/#no_such_element
Build info: version: '4.9.0', revision: 'd7057100a6'
System info: os.name: 'Windows 10', os.arch: 'amd64', os.version: '10.0', java.version: '17.0.6'
Driver info: org.openqa.selenium.edge.EdgeDriver
Command: [f8b47744f864400346fe94638322c062, findElement {using=xpath, value=//a[contains(text(),'Create Client')]}]
Capabilities {acceptInsecureCerts: false, browserName: msedge, browserVersion: 114.0.1823.51, ms:edgeOptions: {debuggerAddress: localhost:49325}, msedge: {msedgedriverVersion: 114.0.1823.51 (ab4ec67361d1..., userDataDir: C:\Users\abhir\AppData\Loca...}, networkConnectionEnabled: false, pageLoadStrategy: normal, platformName: WINDOWS, proxy: Proxy(), se:cdp: ws://localhost:49325/devtoo..., se:cdpVersion: 114.0.1823.51, setWindowRect: true, strictFileInteractability: false, timeouts: {implicit: 0, pageLoad: 300000, script: 30000}, unhandledPromptBehavior: dismiss and notify, webauthn:extension:credBlob: true, webauthn:extension:largeBlob: true, webauthn:extension:minPinLength: true, webauthn:extension:prf: true, webauthn:virtualAuthenticators: true}
Session ID: f8b47744f864400346fe94638322c062
at org.openqa.selenium.remote.codec.w3c.W3CHttpResponseCodec.createException(W3CHttpResponseCodec.java:200)
at org.openqa.selenium.remote.codec.w3c.W3CHttpResponseCodec.decode(W3CHttpResponseCodec.java:133)
at org.openqa.selenium.remote.codec.w3c.W3CHttpResponseCodec.decode(W3CHttpResponseCodec.java:53)
at org.openqa.selenium.remote.HttpCommandExecutor.execute(HttpCommandExecutor.java:193)
at org.openqa.selenium.remote.service.DriverCommandExecutor.invokeExecute(DriverCommandExecutor.java:183)
at org.openqa.selenium.remote.service.DriverCommandExecutor.execute(DriverCommandExecutor.java:158)
at org.openqa.selenium.remote.RemoteWebDriver.execute(RemoteWebDriver.java:543)
at org.openqa.selenium.remote.ElementLocation$ElementFinder$2.findElement(ElementLocation.java:162)
at org.openqa.selenium.remote.ElementLocation.findElement(ElementLocation.java:60)
at org.openqa.selenium.remote.RemoteWebDriver.findElement(RemoteWebDriver.java:352)
at org.openqa.selenium.remote.RemoteWebDriver.findElement(RemoteWebDriver.java:344)
at org.openqa.selenium.support.pagefactory.DefaultElementLocator.findElement(DefaultElementLocator.java:70)
at org.openqa.selenium.support.pagefactory.internal.LocatingElementHandler.invoke(LocatingElementHandler.java:39)
at jdk.proxy2/jdk.proxy2.$Proxy17.click(Unknown Source)
at utility.GeneralUtilities.clickElement(GeneralUtilities.java:17)
at elementRepository.ClientPageClass.cliclOnCreateClientPage(ClientPageClass.java:126)
at executePageClasses.ExexcuteClientPageClass.verifyCreateNewClient(ExexcuteClientPageClass.java:33)
at java.base/java.util.ArrayList.forEach(ArrayList.java:1511)
... Removed 32 stack frames]]>
    </failure>
  </testcase> <!-- verifyCreateNewClient -->
  <testcase classname="executePageClasses.ExecuteDashBoardPageClass" name="verifyDeductionIsOpenOrNoT" time="4.627"/>
  <testcase classname="executePageClasses.ExecuteDashBoardPageClass" name="verifyLoginMessageIsDisplayedOrNot" time="2.611"/>
  <testcase classname="executePageClasses.ExecuteDashBoardPageClass" name="verifyLogoInDashBoardIsDisplayedOrNot" time="2.245"/>
  <testcase classname="executePageClasses.ExecuteDashBoardPageClass" name="verifySuccessfullLogin" time="11.253">
    <failure type="org.openqa.selenium.NoSuchElementException" message="no such element: Unable to locate element: {&amp;quot;method&amp;quot;:&amp;quot;xpath&amp;quot;,&amp;quot;selector&amp;quot;:&amp;quot;//*[@class=&amp;apos;dropdown-toggle&amp;apos;]&amp;quot;}
  (Session info: MicrosoftEdge=114.0.1823.51)
For documentation on this error, please visit: https://selenium.dev/exceptions/#no_such_element
Build info: version: &amp;apos;4.9.0&amp;apos;, revision: &amp;apos;d7057100a6&amp;apos;
System info: os.name: &amp;apos;Windows 10&amp;apos;, os.arch: &amp;apos;amd64&amp;apos;, os.version: &amp;apos;10.0&amp;apos;, java.version: &amp;apos;17.0.6&amp;apos;
Driver info: org.openqa.selenium.edge.EdgeDriver
Command: [22dfcf3055c38357753d0a9ec8f6a663, findElement {using=xpath, value=//*[@class=&amp;apos;dropdown-toggle&amp;apos;]}]
Capabilities {acceptInsecureCerts: false, browserName: msedge, browserVersion: 114.0.1823.51, ms:edgeOptions: {debuggerAddress: localhost:49557}, msedge: {msedgedriverVersion: 114.0.1823.51 (ab4ec67361d1..., userDataDir: C:\Users\abhir\AppData\Loca...}, networkConnectionEnabled: false, pageLoadStrategy: normal, platformName: WINDOWS, proxy: Proxy(), se:cdp: ws://localhost:49557/devtoo..., se:cdpVersion: 114.0.1823.51, setWindowRect: true, strictFileInteractability: false, timeouts: {implicit: 0, pageLoad: 300000, script: 30000}, unhandledPromptBehavior: dismiss and notify, webauthn:extension:credBlob: true, webauthn:extension:largeBlob: true, webauthn:extension:minPinLength: true, webauthn:extension:prf: true, webauthn:virtualAuthenticators: true}
Session ID: 22dfcf3055c38357753d0a9ec8f6a663">
      <![CDATA[org.openqa.selenium.NoSuchElementException: no such element: Unable to locate element: {"method":"xpath","selector":"//*[@class='dropdown-toggle']"}
  (Session info: MicrosoftEdge=114.0.1823.51)
For documentation on this error, please visit: https://selenium.dev/exceptions/#no_such_element
Build info: version: '4.9.0', revision: 'd7057100a6'
System info: os.name: 'Windows 10', os.arch: 'amd64', os.version: '10.0', java.version: '17.0.6'
Driver info: org.openqa.selenium.edge.EdgeDriver
Command: [22dfcf3055c38357753d0a9ec8f6a663, findElement {using=xpath, value=//*[@class='dropdown-toggle']}]
Capabilities {acceptInsecureCerts: false, browserName: msedge, browserVersion: 114.0.1823.51, ms:edgeOptions: {debuggerAddress: localhost:49557}, msedge: {msedgedriverVersion: 114.0.1823.51 (ab4ec67361d1..., userDataDir: C:\Users\abhir\AppData\Loca...}, networkConnectionEnabled: false, pageLoadStrategy: normal, platformName: WINDOWS, proxy: Proxy(), se:cdp: ws://localhost:49557/devtoo..., se:cdpVersion: 114.0.1823.51, setWindowRect: true, strictFileInteractability: false, timeouts: {implicit: 0, pageLoad: 300000, script: 30000}, unhandledPromptBehavior: dismiss and notify, webauthn:extension:credBlob: true, webauthn:extension:largeBlob: true, webauthn:extension:minPinLength: true, webauthn:extension:prf: true, webauthn:virtualAuthenticators: true}
Session ID: 22dfcf3055c38357753d0a9ec8f6a663
at org.openqa.selenium.remote.codec.w3c.W3CHttpResponseCodec.createException(W3CHttpResponseCodec.java:200)
at org.openqa.selenium.remote.codec.w3c.W3CHttpResponseCodec.decode(W3CHttpResponseCodec.java:133)
at org.openqa.selenium.remote.codec.w3c.W3CHttpResponseCodec.decode(W3CHttpResponseCodec.java:53)
at org.openqa.selenium.remote.HttpCommandExecutor.execute(HttpCommandExecutor.java:193)
at org.openqa.selenium.remote.service.DriverCommandExecutor.invokeExecute(DriverCommandExecutor.java:183)
at org.openqa.selenium.remote.service.DriverCommandExecutor.execute(DriverCommandExecutor.java:158)
at org.openqa.selenium.remote.RemoteWebDriver.execute(RemoteWebDriver.java:543)
at org.openqa.selenium.remote.ElementLocation$ElementFinder$2.findElement(ElementLocation.java:162)
at org.openqa.selenium.remote.ElementLocation.findElement(ElementLocation.java:60)
at org.openqa.selenium.remote.RemoteWebDriver.findElement(RemoteWebDriver.java:352)
at org.openqa.selenium.remote.RemoteWebDriver.findElement(RemoteWebDriver.java:344)
at org.openqa.selenium.support.pagefactory.DefaultElementLocator.findElement(DefaultElementLocator.java:70)
at org.openqa.selenium.support.pagefactory.internal.LocatingElementHandler.invoke(LocatingElementHandler.java:39)
at jdk.proxy2/jdk.proxy2.$Proxy17.isDisplayed(Unknown Source)
at utility.GeneralUtilities.isDisplayedOfMethod(GeneralUtilities.java:45)
at elementRepository.LoginPageClass.isCaolThomasDisplayed(LoginPageClass.java:61)
at executePageClasses.ExecuteDashBoardPageClass.verifySuccessfullLogin(ExecuteDashBoardPageClass.java:22)
at java.base/java.util.ArrayList.forEach(ArrayList.java:1511)
... Removed 32 stack frames]]>
    </failure>
  </testcase> <!-- verifySuccessfullLogin -->
  <testcase classname="executePageClasses.ExecuteLoginPageClass" name="verifySuccessfullLogin" time="2.241"/>
  <testcase classname="executePageClasses.ExecuteLoginPageClass" name="verifyTheCurrentPageIsOpenWhileHittingTheUrl" time="0.03"/>
  <testcase classname="executePageClasses.ExecuteLoginPageClass" name="verifyUnSuccessfullLogin" time="0.0">
    <failure type="org.testng.TestNGException" message="
Found two providers called &amp;apos;DataProvider1&amp;apos; on class executePageClasses.DataProviderLogin">
      <![CDATA[org.testng.TestNGException: 
Found two providers called 'DataProvider1' on class executePageClasses.DataProviderLogin
at java.base/java.util.ArrayList.forEach(ArrayList.java:1511)
... Removed 25 stack frames]]>
    </failure>
  </testcase> <!-- verifyUnSuccessfullLogin -->
</testsuite> <!-- edgeTest -->
