<?xml version="1.0" encoding="UTF-8"?>
<!-- Generated by org.testng.reporters.JUnitXMLReporter -->
<testsuite ignored="0" hostname="ARTHUR-" failures="1" tests="7" name="grouping" time="0.183" errors="0" timestamp="2023-07-19T20:04:43 IST">
  <testcase classname="executePageClasses.BaseClass" name="@AfterMethod afterMethod" time="0.001">
    <failure type="java.lang.NullPointerException">
      <![CDATA[java.lang.NullPointerException
at utility.ScreenShot.takeScreenShot(ScreenShot.java:20)
at executePageClasses.BaseClass.afterMethod(BaseClass.java:77)
at java.base/java.util.ArrayList.forEach(ArrayList.java:1541)
... Removed 32 stack frames]]>
    </failure>
  </testcase> <!-- @AfterMethod afterMethod -->
  <testcase classname="executePageClasses.BaseClass" name="@AfterMethod afterMethod" time="0.0">
    <skipped/>
  </testcase> <!-- @AfterMethod afterMethod -->
  <testcase classname="executePageClasses.BaseClass" name="@AfterMethod afterMethod" time="0.0">
    <skipped/>
  </testcase> <!-- @AfterMethod afterMethod -->
  <testcase classname="executePageClasses.BaseClass" name="@AfterMethod afterMethod" time="0.0">
    <skipped/>
  </testcase> <!-- @AfterMethod afterMethod -->
  <testcase classname="executePageClasses.ExecuteDashBoardPageClass" name="verifyDeductionIsOpenOrNoT" time="0.051">
    <skipped/>
  </testcase> <!-- verifyDeductionIsOpenOrNoT -->
  <testcase classname="executePageClasses.ExecuteDashBoardPageClass" name="verifyDeductionIsOpenOrNoT" time="0.003">
    <skipped/>
  </testcase> <!-- verifyDeductionIsOpenOrNoT -->
  <testcase classname="executePageClasses.ExecuteDashBoardPageClass" name="verifyDeductionIsOpenOrNoT" time="0.003">
    <skipped/>
  </testcase> <!-- verifyDeductionIsOpenOrNoT -->
  <testcase classname="executePageClasses.ExecuteDashBoardPageClass" name="verifyDeductionIsOpenOrNoT" time="0.002">
    <failure type="java.lang.NullPointerException">
      <![CDATA[java.lang.NullPointerException
at org.openqa.selenium.support.pagefactory.DefaultElementLocator.findElement(DefaultElementLocator.java:70)
at org.openqa.selenium.support.pagefactory.internal.LocatingElementHandler.invoke(LocatingElementHandler.java:39)
at com.sun.proxy.$Proxy15.sendKeys(Unknown Source)
at utility.GeneralUtilities.typeElement(GeneralUtilities.java:29)
at elementRepository.LoginPageClass.login(LoginPageClass.java:51)
at executePageClasses.ExecuteDashBoardPageClass.verifyDeductionIsOpenOrNoT(ExecuteDashBoardPageClass.java:73)
at java.base/java.util.ArrayList.forEach(ArrayList.java:1541)
... Removed 27 stack frames]]>
    </failure>
  </testcase> <!-- verifyDeductionIsOpenOrNoT -->
  <testcase classname="executePageClasses.ExecuteDashBoardPageClass" name="verifyLoginMessageIsDisplayedOrNot" time="0.0">
    <skipped/>
  </testcase> <!-- verifyLoginMessageIsDisplayedOrNot -->
  <testcase classname="executePageClasses.ExecuteDashBoardPageClass" name="verifyLogoInDashBoardIsDisplayedOrNot" time="0.0">
    <skipped/>
  </testcase> <!-- verifyLogoInDashBoardIsDisplayedOrNot -->
  <testcase classname="executePageClasses.ExecuteDashBoardPageClass" name="verifySuccessfullLogin" time="0.0">
    <skipped/>
  </testcase> <!-- verifySuccessfullLogin -->
</testsuite> <!-- grouping -->
